[2021-12-19T10:07:35.499] [DEBUG] system - Hello world!
[2021-12-19T10:07:35.514] [DEBUG] system - Hello world!
[2021-12-19T10:07:35.514] [DEBUG] system - write start
[2021-12-19T10:07:35.515] [DEBUG] system - write end
[2021-12-19T10:08:20.642] [DEBUG] system - Hello world!
[2021-12-19T10:08:20.642] [DEBUG] system - Hello world!
[2021-12-19T10:08:20.642] [DEBUG] system - write start
[2021-12-19T10:08:36.226] [DEBUG] system - Hello world!
[2021-12-19T10:08:36.227] [DEBUG] system - Hello world!
[2021-12-19T10:08:36.227] [DEBUG] system - write start
[2021-12-19T10:09:43.558] [DEBUG] system - Hello world!
[2021-12-19T10:09:43.559] [DEBUG] system - Hello world!
[2021-12-19T10:09:43.559] [DEBUG] system - ************************************write start************************************
[2021-12-19T10:09:43.559] [DEBUG] system - <ref *2> IncomingMessage {
  _readableState: ReadableState {
    objectMode: false,
    highWaterMark: 16384,
    buffer: BufferList { head: null, tail: null, length: 0 },
    length: 0,
    pipes: [],
    flowing: true,
    ended: true,
    endEmitted: true,
    reading: false,
    constructed: true,
    sync: true,
    needReadable: false,
    emittedReadable: false,
    readableListening: false,
    resumeScheduled: false,
    errorEmitted: false,
    emitClose: true,
    autoDestroy: true,
    destroyed: true,
    errored: null,
    closed: true,
    closeEmitted: true,
    defaultEncoding: 'utf8',
    awaitDrainWriters: null,
    multiAwaitDrain: false,
    readingMore: true,
    dataEmitted: false,
    decoder: null,
    encoding: null,
    [Symbol(kPaused)]: false
  },
  _events: [Object: null prototype] { end: [Function: clearRequestTimeout] },
  _eventsCount: 1,
  _maxListeners: undefined,
  socket: <ref *1> Socket {
    connecting: false,
    _hadError: false,
    _parent: null,
    _host: null,
    _readableState: ReadableState {
      objectMode: false,
      highWaterMark: 16384,
      buffer: BufferList { head: null, tail: null, length: 0 },
      length: 0,
      pipes: [],
      flowing: true,
      ended: false,
      endEmitted: false,
      reading: true,
      constructed: true,
      sync: false,
      needReadable: true,
      emittedReadable: false,
      readableListening: false,
      resumeScheduled: false,
      errorEmitted: false,
      emitClose: false,
      autoDestroy: true,
      destroyed: false,
      errored: null,
      closed: false,
      closeEmitted: false,
      defaultEncoding: 'utf8',
      awaitDrainWriters: null,
      multiAwaitDrain: false,
      readingMore: false,
      dataEmitted: false,
      decoder: null,
      encoding: null,
      [Symbol(kPaused)]: false
    },
    _events: [Object: null prototype] {
      end: [Array],
      timeout: [Function: socketOnTimeout],
      data: [Function: bound socketOnData],
      error: [Function: socketOnError],
      close: [Array],
      drain: [Function: bound socketOnDrain],
      resume: [Function: onSocketResume],
      pause: [Function: onSocketPause]
    },
    _eventsCount: 8,
    _maxListeners: undefined,
    _writableState: WritableState {
      objectMode: false,
      highWaterMark: 16384,
      finalCalled: false,
      needDrain: false,
      ending: false,
      ended: false,
      finished: false,
      destroyed: false,
      decodeStrings: false,
      defaultEncoding: 'utf8',
      length: 0,
      writing: false,
      corked: 0,
      sync: true,
      bufferProcessing: false,
      onwrite: [Function: bound onwrite],
      writecb: null,
      writelen: 0,
      afterWriteTickInfo: null,
      buffered: [],
      bufferedIndex: 0,
      allBuffers: true,
      allNoop: true,
      pendingcb: 0,
      constructed: true,
      prefinished: false,
      errorEmitted: false,
      emitClose: false,
      autoDestroy: true,
      errored: null,
      closed: false,
      closeEmitted: false,
      [Symbol(kOnFinished)]: []
    },
    allowHalfOpen: true,
    _sockname: null,
    _pendingData: null,
    _pendingEncoding: '',
    server: Server {
      maxHeaderSize: undefined,
      insecureHTTPParser: undefined,
      _events: [Object: null prototype],
      _eventsCount: 5,
      _maxListeners: undefined,
      _connections: 2,
      _handle: [TCP],
      _usingWorkers: false,
      _workers: [],
      _unref: false,
      allowHalfOpen: true,
      pauseOnConnect: false,
      httpAllowHalfOpen: false,
      timeout: 0,
      keepAliveTimeout: 5000,
      maxHeadersCount: null,
      maxRequestsPerSocket: 0,
      headersTimeout: 60000,
      requestTimeout: 0,
      _connectionKey: '6::::3000',
      [Symbol(IncomingMessage)]: [Function: IncomingMessage],
      [Symbol(ServerResponse)]: [Function: ServerResponse],
      [Symbol(kCapture)]: false,
      [Symbol(async_id_symbol)]: 9
    },
    _server: Server {
      maxHeaderSize: undefined,
      insecureHTTPParser: undefined,
      _events: [Object: null prototype],
      _eventsCount: 5,
      _maxListeners: undefined,
      _connections: 2,
      _handle: [TCP],
      _usingWorkers: false,
      _workers: [],
      _unref: false,
      allowHalfOpen: true,
      pauseOnConnect: false,
      httpAllowHalfOpen: false,
      timeout: 0,
      keepAliveTimeout: 5000,
      maxHeadersCount: null,
      maxRequestsPerSocket: 0,
      headersTimeout: 60000,
      requestTimeout: 0,
      _connectionKey: '6::::3000',
      [Symbol(IncomingMessage)]: [Function: IncomingMessage],
      [Symbol(ServerResponse)]: [Function: ServerResponse],
      [Symbol(kCapture)]: false,
      [Symbol(async_id_symbol)]: 9
    },
    parser: HTTPParser {
      '0': [Function: bound setRequestTimeout],
      '1': [Function: parserOnHeaders],
      '2': [Function: parserOnHeadersComplete],
      '3': [Function: parserOnBody],
      '4': [Function: parserOnMessageComplete],
      '5': [Function: bound onParserExecute],
      '6': [Function: bound onParserTimeout],
      _headers: [],
      _url: '',
      socket: [Circular *1],
      incoming: [Circular *2],
      outgoing: null,
      maxHeaderPairs: 2000,
      _consumed: true,
      onIncoming: [Function: bound parserOnIncoming],
      [Symbol(resource_symbol)]: [HTTPServerAsyncResource]
    },
    on: [Function: socketListenerWrap],
    addListener: [Function: socketListenerWrap],
    prependListener: [Function: socketListenerWrap],
    setEncoding: [Function: socketSetEncoding],
    _paused: false,
    _httpMessage: ServerResponse {
      _events: [Object: null prototype],
      _eventsCount: 2,
      _maxListeners: undefined,
      outputData: [],
      outputSize: 0,
      writable: true,
      destroyed: false,
      _last: false,
      chunkedEncoding: false,
      shouldKeepAlive: true,
      maxRequestsOnConnectionReached: false,
      _defaultKeepAlive: true,
      useChunkedEncodingByDefault: true,
      sendDate: true,
      _removedConnection: false,
      _removedContLen: false,
      _removedTE: false,
      _contentLength: null,
      _hasBody: true,
      _trailer: '',
      finished: false,
      _headerSent: false,
      _closed: false,
      socket: [Circular *1],
      _header: null,
      _keepAliveTimeout: 5000,
      _onPendingData: [Function: bound updateOutgoingData],
      req: [Circular *2],
      _sent100: false,
      _expect_continue: false,
      statusCode: 200,
      flush: [Function: flush],
      write: [Function (anonymous)],
      end: [Function (anonymous)],
      on: [Function: on],
      writeHead: [Function: writeHead],
      status: [Function (anonymous)],
      send: [Function (anonymous)],
      json: [Function (anonymous)],
      redirect: [Function (anonymous)],
      setPreviewData: [Function (anonymous)],
      clearPreviewData: [Function (anonymous)],
      [Symbol(kCapture)]: false,
      [Symbol(kNeedDrain)]: false,
      [Symbol(corked)]: 0,
      [Symbol(kOutHeaders)]: null
    },
    [Symbol(async_id_symbol)]: 6441,
    [Symbol(kHandle)]: TCP {
      reading: true,
      onconnection: null,
      _consumed: true,
      [Symbol(owner_symbol)]: [Circular *1]
    },
    [Symbol(kSetNoDelay)]: false,
    [Symbol(lastWriteQueueSize)]: 0,
    [Symbol(timeout)]: null,
    [Symbol(kBuffer)]: null,
    [Symbol(kBufferCb)]: null,
    [Symbol(kBufferGen)]: null,
    [Symbol(kCapture)]: false,
    [Symbol(kBytesRead)]: 0,
    [Symbol(kBytesWritten)]: 0,
    [Symbol(RequestTimeout)]: undefined
  },
  httpVersionMajor: 1,
  httpVersionMinor: 1,
  httpVersion: '1.1',
  complete: true,
  rawHeaders: [
    'Host',
    'localhost:3000',
    'Connection',
    'keep-alive',
    'Cache-Control',
    'max-age=0',
    'sec-ch-ua',
    '" Not A;Brand";v="99", "Chromium";v="96", "Google Chrome";v="96"',
    'sec-ch-ua-mobile',
    '?0',
    'sec-ch-ua-platform',
    '"macOS"',
    'Upgrade-Insecure-Requests',
    '1',
    'User-Agent',
    'Mozilla/5.0 (Macintosh; Intel Mac OS X 10_15_7) AppleWebKit/537.36 (KHTML, like Gecko) Chrome/96.0.4664.110 Safari/537.36',
    'Accept',
    'text/html,application/xhtml+xml,application/xml;q=0.9,image/avif,image/webp,image/apng,*/*;q=0.8,application/signed-exchange;v=b3;q=0.9',
    'Sec-Fetch-Site',
    'none',
    'Sec-Fetch-Mode',
    'navigate',
    'Sec-Fetch-User',
    '?1',
    'Sec-Fetch-Dest',
    'document',
    'Accept-Encoding',
    'gzip, deflate, br',
    'Accept-Language',
    'en-US,en;q=0.9,ja;q=0.8',
    'Cookie',
    'next-auth.csrf-token=a95412fa185e95cb3758fdbd0fbc9d7cf0c1c5603322aee3b75579ab1ed62960%7Cb2f13b44498e79e3d0d954edaf537d1c342095420d7a9aa304c4b7589fb71ba7; next-auth.callback-url=http%3A%2F%2Flocalhost%3A3000%2F; next-auth.session-token=eyJhbGciOiJkaXIiLCJlbmMiOiJBMjU2R0NNIn0.._YXBi3XbefOaKPsx.H03pEqMtflyn1EBu7_Uz0xeq7NU4in0joHEJLMTvXncPRXDz6wfGCOVzRb8Q9FZUUq1DAhB9XPFqR4ULUAFgEw0Un1wAvzMoy3a2RRHXvoC3_6h9Y2a83bvOcQWNgJECiwGH4x9RI6YaIQ.o3jS5pFZF5zVUVxL_LvFew',
    'If-None-Match',
    '"1c-dzisVdIkVxY2wr5aQGV+IiolnlY"'
  ],
  rawTrailers: [],
  aborted: false,
  upgrade: false,
  url: '/api/webhook',
  method: 'GET',
  statusCode: null,
  statusMessage: null,
  client: <ref *1> Socket {
    connecting: false,
    _hadError: false,
    _parent: null,
    _host: null,
    _readableState: ReadableState {
      objectMode: false,
      highWaterMark: 16384,
      buffer: BufferList { head: null, tail: null, length: 0 },
      length: 0,
      pipes: [],
      flowing: true,
      ended: false,
      endEmitted: false,
      reading: true,
      constructed: true,
      sync: false,
      needReadable: true,
      emittedReadable: false,
      readableListening: false,
      resumeScheduled: false,
      errorEmitted: false,
      emitClose: false,
      autoDestroy: true,
      destroyed: false,
      errored: null,
      closed: false,
      closeEmitted: false,
      defaultEncoding: 'utf8',
      awaitDrainWriters: null,
      multiAwaitDrain: false,
      readingMore: false,
      dataEmitted: false,
      decoder: null,
      encoding: null,
      [Symbol(kPaused)]: false
    },
    _events: [Object: null prototype] {
      end: [Array],
      timeout: [Function: socketOnTimeout],
      data: [Function: bound socketOnData],
      error: [Function: socketOnError],
      close: [Array],
      drain: [Function: bound socketOnDrain],
      resume: [Function: onSocketResume],
      pause: [Function: onSocketPause]
    },
    _eventsCount: 8,
    _maxListeners: undefined,
    _writableState: WritableState {
      objectMode: false,
      highWaterMark: 16384,
      finalCalled: false,
      needDrain: false,
      ending: false,
      ended: false,
      finished: false,
      destroyed: false,
      decodeStrings: false,
      defaultEncoding: 'utf8',
      length: 0,
      writing: false,
      corked: 0,
      sync: true,
      bufferProcessing: false,
      onwrite: [Function: bound onwrite],
      writecb: null,
      writelen: 0,
      afterWriteTickInfo: null,
      buffered: [],
      bufferedIndex: 0,
      allBuffers: true,
      allNoop: true,
      pendingcb: 0,
      constructed: true,
      prefinished: false,
      errorEmitted: false,
      emitClose: false,
      autoDestroy: true,
      errored: null,
      closed: false,
      closeEmitted: false,
      [Symbol(kOnFinished)]: []
    },
    allowHalfOpen: true,
    _sockname: null,
    _pendingData: null,
    _pendingEncoding: '',
    server: Server {
      maxHeaderSize: undefined,
      insecureHTTPParser: undefined,
      _events: [Object: null prototype],
      _eventsCount: 5,
      _maxListeners: undefined,
      _connections: 2,
      _handle: [TCP],
      _usingWorkers: false,
      _workers: [],
      _unref: false,
      allowHalfOpen: true,
      pauseOnConnect: false,
      httpAllowHalfOpen: false,
      timeout: 0,
      keepAliveTimeout: 5000,
      maxHeadersCount: null,
      maxRequestsPerSocket: 0,
      headersTimeout: 60000,
      requestTimeout: 0,
      _connectionKey: '6::::3000',
      [Symbol(IncomingMessage)]: [Function: IncomingMessage],
      [Symbol(ServerResponse)]: [Function: ServerResponse],
      [Symbol(kCapture)]: false,
      [Symbol(async_id_symbol)]: 9
    },
    _server: Server {
      maxHeaderSize: undefined,
      insecureHTTPParser: undefined,
      _events: [Object: null prototype],
      _eventsCount: 5,
      _maxListeners: undefined,
      _connections: 2,
      _handle: [TCP],
      _usingWorkers: false,
      _workers: [],
      _unref: false,
      allowHalfOpen: true,
      pauseOnConnect: false,
      httpAllowHalfOpen: false,
      timeout: 0,
      keepAliveTimeout: 5000,
      maxHeadersCount: null,
      maxRequestsPerSocket: 0,
      headersTimeout: 60000,
      requestTimeout: 0,
      _connectionKey: '6::::3000',
      [Symbol(IncomingMessage)]: [Function: IncomingMessage],
      [Symbol(ServerResponse)]: [Function: ServerResponse],
      [Symbol(kCapture)]: false,
      [Symbol(async_id_symbol)]: 9
    },
    parser: HTTPParser {
      '0': [Function: bound setRequestTimeout],
      '1': [Function: parserOnHeaders],
      '2': [Function: parserOnHeadersComplete],
      '3': [Function: parserOnBody],
      '4': [Function: parserOnMessageComplete],
      '5': [Function: bound onParserExecute],
      '6': [Function: bound onParserTimeout],
      _headers: [],
      _url: '',
      socket: [Circular *1],
      incoming: [Circular *2],
      outgoing: null,
      maxHeaderPairs: 2000,
      _consumed: true,
      onIncoming: [Function: bound parserOnIncoming],
      [Symbol(resource_symbol)]: [HTTPServerAsyncResource]
    },
    on: [Function: socketListenerWrap],
    addListener: [Function: socketListenerWrap],
    prependListener: [Function: socketListenerWrap],
    setEncoding: [Function: socketSetEncoding],
    _paused: false,
    _httpMessage: ServerResponse {
      _events: [Object: null prototype],
      _eventsCount: 2,
      _maxListeners: undefined,
      outputData: [],
      outputSize: 0,
      writable: true,
      destroyed: false,
      _last: false,
      chunkedEncoding: false,
      shouldKeepAlive: true,
      maxRequestsOnConnectionReached: false,
      _defaultKeepAlive: true,
      useChunkedEncodingByDefault: true,
      sendDate: true,
      _removedConnection: false,
      _removedContLen: false,
      _removedTE: false,
      _contentLength: null,
      _hasBody: true,
      _trailer: '',
      finished: false,
      _headerSent: false,
      _closed: false,
      socket: [Circular *1],
      _header: null,
      _keepAliveTimeout: 5000,
      _onPendingData: [Function: bound updateOutgoingData],
      req: [Circular *2],
      _sent100: false,
      _expect_continue: false,
      statusCode: 200,
      flush: [Function: flush],
      write: [Function (anonymous)],
      end: [Function (anonymous)],
      on: [Function: on],
      writeHead: [Function: writeHead],
      status: [Function (anonymous)],
      send: [Function (anonymous)],
      json: [Function (anonymous)],
      redirect: [Function (anonymous)],
      setPreviewData: [Function (anonymous)],
      clearPreviewData: [Function (anonymous)],
      [Symbol(kCapture)]: false,
      [Symbol(kNeedDrain)]: false,
      [Symbol(corked)]: 0,
      [Symbol(kOutHeaders)]: null
    },
    [Symbol(async_id_symbol)]: 6441,
    [Symbol(kHandle)]: TCP {
      reading: true,
      onconnection: null,
      _consumed: true,
      [Symbol(owner_symbol)]: [Circular *1]
    },
    [Symbol(kSetNoDelay)]: false,
    [Symbol(lastWriteQueueSize)]: 0,
    [Symbol(timeout)]: null,
    [Symbol(kBuffer)]: null,
    [Symbol(kBufferCb)]: null,
    [Symbol(kBufferGen)]: null,
    [Symbol(kCapture)]: false,
    [Symbol(kBytesRead)]: 0,
    [Symbol(kBytesWritten)]: 0,
    [Symbol(RequestTimeout)]: undefined
  },
  _consuming: false,
  _dumped: false,
  cookies: [Getter/Setter],
  query: {},
  previewData: [Getter/Setter],
  preview: [Getter/Setter],
  body: '',
  [Symbol(kCapture)]: false,
  [Symbol(kHeaders)]: {
    host: 'localhost:3000',
    connection: 'keep-alive',
    'cache-control': 'max-age=0',
    'sec-ch-ua': '" Not A;Brand";v="99", "Chromium";v="96", "Google Chrome";v="96"',
    'sec-ch-ua-mobile': '?0',
    'sec-ch-ua-platform': '"macOS"',
    'upgrade-insecure-requests': '1',
    'user-agent': 'Mozilla/5.0 (Macintosh; Intel Mac OS X 10_15_7) AppleWebKit/537.36 (KHTML, like Gecko) Chrome/96.0.4664.110 Safari/537.36',
    accept: 'text/html,application/xhtml+xml,application/xml;q=0.9,image/avif,image/webp,image/apng,*/*;q=0.8,application/signed-exchange;v=b3;q=0.9',
    'sec-fetch-site': 'none',
    'sec-fetch-mode': 'navigate',
    'sec-fetch-user': '?1',
    'sec-fetch-dest': 'document',
    'accept-encoding': 'gzip, deflate, br',
    'accept-language': 'en-US,en;q=0.9,ja;q=0.8',
    cookie: 'next-auth.csrf-token=a95412fa185e95cb3758fdbd0fbc9d7cf0c1c5603322aee3b75579ab1ed62960%7Cb2f13b44498e79e3d0d954edaf537d1c342095420d7a9aa304c4b7589fb71ba7; next-auth.callback-url=http%3A%2F%2Flocalhost%3A3000%2F; next-auth.session-token=eyJhbGciOiJkaXIiLCJlbmMiOiJBMjU2R0NNIn0.._YXBi3XbefOaKPsx.H03pEqMtflyn1EBu7_Uz0xeq7NU4in0joHEJLMTvXncPRXDz6wfGCOVzRb8Q9FZUUq1DAhB9XPFqR4ULUAFgEw0Un1wAvzMoy3a2RRHXvoC3_6h9Y2a83bvOcQWNgJECiwGH4x9RI6YaIQ.o3jS5pFZF5zVUVxL_LvFew',
    'if-none-match': '"1c-dzisVdIkVxY2wr5aQGV+IiolnlY"'
  },
  [Symbol(kHeadersCount)]: 34,
  [Symbol(kTrailers)]: null,
  [Symbol(kTrailersCount)]: 0,
  [Symbol(RequestTimeout)]: undefined,
  [Symbol(NextRequestMeta)]: {
    __NEXT_INIT_URL: '/api/webhook',
    __NEXT_INIT_QUERY: {},
    __nextHadTrailingSlash: undefined
  }
}
[2021-12-19T10:09:43.568] [DEBUG] system - ************************************write end************************************
[2021-12-19T10:14:50.745] [DEBUG] system - Hello world!
[2021-12-19T10:14:50.763] [DEBUG] system - Hello world!
[2021-12-19T10:14:50.763] [DEBUG] system - ************************************write start************************************
[2021-12-19T10:14:50.763] [DEBUG] system - <ref *2> IncomingMessage {
  _readableState: ReadableState {
    objectMode: false,
    highWaterMark: 16384,
    buffer: BufferList { head: null, tail: null, length: 0 },
    length: 0,
    pipes: [],
    flowing: true,
    ended: true,
    endEmitted: true,
    reading: false,
    constructed: true,
    sync: true,
    needReadable: false,
    emittedReadable: false,
    readableListening: false,
    resumeScheduled: false,
    errorEmitted: false,
    emitClose: true,
    autoDestroy: true,
    destroyed: true,
    errored: null,
    closed: true,
    closeEmitted: true,
    defaultEncoding: 'utf8',
    awaitDrainWriters: null,
    multiAwaitDrain: false,
    readingMore: true,
    dataEmitted: false,
    decoder: null,
    encoding: null,
    [Symbol(kPaused)]: false
  },
  _events: [Object: null prototype] { end: [Function: clearRequestTimeout] },
  _eventsCount: 1,
  _maxListeners: undefined,
  socket: <ref *1> Socket {
    connecting: false,
    _hadError: false,
    _parent: null,
    _host: null,
    _readableState: ReadableState {
      objectMode: false,
      highWaterMark: 16384,
      buffer: BufferList { head: null, tail: null, length: 0 },
      length: 0,
      pipes: [],
      flowing: true,
      ended: false,
      endEmitted: false,
      reading: true,
      constructed: true,
      sync: false,
      needReadable: true,
      emittedReadable: false,
      readableListening: false,
      resumeScheduled: false,
      errorEmitted: false,
      emitClose: false,
      autoDestroy: true,
      destroyed: false,
      errored: null,
      closed: false,
      closeEmitted: false,
      defaultEncoding: 'utf8',
      awaitDrainWriters: null,
      multiAwaitDrain: false,
      readingMore: false,
      dataEmitted: false,
      decoder: null,
      encoding: null,
      [Symbol(kPaused)]: false
    },
    _events: [Object: null prototype] {
      end: [Array],
      timeout: [Function: socketOnTimeout],
      data: [Function: bound socketOnData],
      error: [Function: socketOnError],
      close: [Array],
      drain: [Function: bound socketOnDrain],
      resume: [Function: onSocketResume],
      pause: [Function: onSocketPause]
    },
    _eventsCount: 8,
    _maxListeners: undefined,
    _writableState: WritableState {
      objectMode: false,
      highWaterMark: 16384,
      finalCalled: false,
      needDrain: false,
      ending: false,
      ended: false,
      finished: false,
      destroyed: false,
      decodeStrings: false,
      defaultEncoding: 'utf8',
      length: 0,
      writing: false,
      corked: 0,
      sync: true,
      bufferProcessing: false,
      onwrite: [Function: bound onwrite],
      writecb: null,
      writelen: 0,
      afterWriteTickInfo: null,
      buffered: [],
      bufferedIndex: 0,
      allBuffers: true,
      allNoop: true,
      pendingcb: 0,
      constructed: true,
      prefinished: false,
      errorEmitted: false,
      emitClose: false,
      autoDestroy: true,
      errored: null,
      closed: false,
      closeEmitted: false,
      [Symbol(kOnFinished)]: []
    },
    allowHalfOpen: true,
    _sockname: null,
    _pendingData: null,
    _pendingEncoding: '',
    server: Server {
      maxHeaderSize: undefined,
      insecureHTTPParser: undefined,
      _events: [Object: null prototype],
      _eventsCount: 5,
      _maxListeners: undefined,
      _connections: 2,
      _handle: [TCP],
      _usingWorkers: false,
      _workers: [],
      _unref: false,
      allowHalfOpen: true,
      pauseOnConnect: false,
      httpAllowHalfOpen: false,
      timeout: 0,
      keepAliveTimeout: 5000,
      maxHeadersCount: null,
      maxRequestsPerSocket: 0,
      headersTimeout: 60000,
      requestTimeout: 0,
      _connectionKey: '6::::3000',
      [Symbol(IncomingMessage)]: [Function: IncomingMessage],
      [Symbol(ServerResponse)]: [Function: ServerResponse],
      [Symbol(kCapture)]: false,
      [Symbol(async_id_symbol)]: 9
    },
    _server: Server {
      maxHeaderSize: undefined,
      insecureHTTPParser: undefined,
      _events: [Object: null prototype],
      _eventsCount: 5,
      _maxListeners: undefined,
      _connections: 2,
      _handle: [TCP],
      _usingWorkers: false,
      _workers: [],
      _unref: false,
      allowHalfOpen: true,
      pauseOnConnect: false,
      httpAllowHalfOpen: false,
      timeout: 0,
      keepAliveTimeout: 5000,
      maxHeadersCount: null,
      maxRequestsPerSocket: 0,
      headersTimeout: 60000,
      requestTimeout: 0,
      _connectionKey: '6::::3000',
      [Symbol(IncomingMessage)]: [Function: IncomingMessage],
      [Symbol(ServerResponse)]: [Function: ServerResponse],
      [Symbol(kCapture)]: false,
      [Symbol(async_id_symbol)]: 9
    },
    parser: HTTPParser {
      '0': [Function: bound setRequestTimeout],
      '1': [Function: parserOnHeaders],
      '2': [Function: parserOnHeadersComplete],
      '3': [Function: parserOnBody],
      '4': [Function: parserOnMessageComplete],
      '5': [Function: bound onParserExecute],
      '6': [Function: bound onParserTimeout],
      _headers: [],
      _url: '',
      socket: [Circular *1],
      incoming: [Circular *2],
      outgoing: null,
      maxHeaderPairs: 2000,
      _consumed: true,
      onIncoming: [Function: bound parserOnIncoming],
      [Symbol(resource_symbol)]: [HTTPServerAsyncResource]
    },
    on: [Function: socketListenerWrap],
    addListener: [Function: socketListenerWrap],
    prependListener: [Function: socketListenerWrap],
    setEncoding: [Function: socketSetEncoding],
    _paused: false,
    _httpMessage: ServerResponse {
      _events: [Object: null prototype],
      _eventsCount: 2,
      _maxListeners: undefined,
      outputData: [],
      outputSize: 0,
      writable: true,
      destroyed: false,
      _last: false,
      chunkedEncoding: false,
      shouldKeepAlive: true,
      maxRequestsOnConnectionReached: false,
      _defaultKeepAlive: true,
      useChunkedEncodingByDefault: true,
      sendDate: true,
      _removedConnection: false,
      _removedContLen: false,
      _removedTE: false,
      _contentLength: null,
      _hasBody: true,
      _trailer: '',
      finished: false,
      _headerSent: false,
      _closed: false,
      socket: [Circular *1],
      _header: null,
      _keepAliveTimeout: 5000,
      _onPendingData: [Function: bound updateOutgoingData],
      req: [Circular *2],
      _sent100: false,
      _expect_continue: false,
      statusCode: 200,
      flush: [Function: flush],
      write: [Function (anonymous)],
      end: [Function (anonymous)],
      on: [Function: on],
      writeHead: [Function: writeHead],
      status: [Function (anonymous)],
      send: [Function (anonymous)],
      json: [Function (anonymous)],
      redirect: [Function (anonymous)],
      setPreviewData: [Function (anonymous)],
      clearPreviewData: [Function (anonymous)],
      [Symbol(kCapture)]: false,
      [Symbol(kNeedDrain)]: false,
      [Symbol(corked)]: 0,
      [Symbol(kOutHeaders)]: null
    },
    [Symbol(async_id_symbol)]: 4722,
    [Symbol(kHandle)]: TCP {
      reading: true,
      onconnection: null,
      _consumed: true,
      [Symbol(owner_symbol)]: [Circular *1]
    },
    [Symbol(kSetNoDelay)]: false,
    [Symbol(lastWriteQueueSize)]: 0,
    [Symbol(timeout)]: null,
    [Symbol(kBuffer)]: null,
    [Symbol(kBufferCb)]: null,
    [Symbol(kBufferGen)]: null,
    [Symbol(kCapture)]: false,
    [Symbol(kBytesRead)]: 0,
    [Symbol(kBytesWritten)]: 0,
    [Symbol(RequestTimeout)]: undefined
  },
  httpVersionMajor: 1,
  httpVersionMinor: 1,
  httpVersion: '1.1',
  complete: true,
  rawHeaders: [
    'Host',
    'localhost:3000',
    'Connection',
    'keep-alive',
    'Cache-Control',
    'max-age=0',
    'sec-ch-ua',
    '" Not A;Brand";v="99", "Chromium";v="96", "Google Chrome";v="96"',
    'sec-ch-ua-mobile',
    '?0',
    'sec-ch-ua-platform',
    '"macOS"',
    'Upgrade-Insecure-Requests',
    '1',
    'User-Agent',
    'Mozilla/5.0 (Macintosh; Intel Mac OS X 10_15_7) AppleWebKit/537.36 (KHTML, like Gecko) Chrome/96.0.4664.110 Safari/537.36',
    'Accept',
    'text/html,application/xhtml+xml,application/xml;q=0.9,image/avif,image/webp,image/apng,*/*;q=0.8,application/signed-exchange;v=b3;q=0.9',
    'Sec-Fetch-Site',
    'none',
    'Sec-Fetch-Mode',
    'navigate',
    'Sec-Fetch-User',
    '?1',
    'Sec-Fetch-Dest',
    'document',
    'Accept-Encoding',
    'gzip, deflate, br',
    'Accept-Language',
    'en-US,en;q=0.9,ja;q=0.8',
    'Cookie',
    'next-auth.csrf-token=a95412fa185e95cb3758fdbd0fbc9d7cf0c1c5603322aee3b75579ab1ed62960%7Cb2f13b44498e79e3d0d954edaf537d1c342095420d7a9aa304c4b7589fb71ba7; next-auth.callback-url=http%3A%2F%2Flocalhost%3A3000%2F; next-auth.session-token=eyJhbGciOiJkaXIiLCJlbmMiOiJBMjU2R0NNIn0.._YXBi3XbefOaKPsx.H03pEqMtflyn1EBu7_Uz0xeq7NU4in0joHEJLMTvXncPRXDz6wfGCOVzRb8Q9FZUUq1DAhB9XPFqR4ULUAFgEw0Un1wAvzMoy3a2RRHXvoC3_6h9Y2a83bvOcQWNgJECiwGH4x9RI6YaIQ.o3jS5pFZF5zVUVxL_LvFew',
    'If-None-Match',
    '"1c-dzisVdIkVxY2wr5aQGV+IiolnlY"'
  ],
  rawTrailers: [],
  aborted: false,
  upgrade: false,
  url: '/api/webhook',
  method: 'GET',
  statusCode: null,
  statusMessage: null,
  client: <ref *1> Socket {
    connecting: false,
    _hadError: false,
    _parent: null,
    _host: null,
    _readableState: ReadableState {
      objectMode: false,
      highWaterMark: 16384,
      buffer: BufferList { head: null, tail: null, length: 0 },
      length: 0,
      pipes: [],
      flowing: true,
      ended: false,
      endEmitted: false,
      reading: true,
      constructed: true,
      sync: false,
      needReadable: true,
      emittedReadable: false,
      readableListening: false,
      resumeScheduled: false,
      errorEmitted: false,
      emitClose: false,
      autoDestroy: true,
      destroyed: false,
      errored: null,
      closed: false,
      closeEmitted: false,
      defaultEncoding: 'utf8',
      awaitDrainWriters: null,
      multiAwaitDrain: false,
      readingMore: false,
      dataEmitted: false,
      decoder: null,
      encoding: null,
      [Symbol(kPaused)]: false
    },
    _events: [Object: null prototype] {
      end: [Array],
      timeout: [Function: socketOnTimeout],
      data: [Function: bound socketOnData],
      error: [Function: socketOnError],
      close: [Array],
      drain: [Function: bound socketOnDrain],
      resume: [Function: onSocketResume],
      pause: [Function: onSocketPause]
    },
    _eventsCount: 8,
    _maxListeners: undefined,
    _writableState: WritableState {
      objectMode: false,
      highWaterMark: 16384,
      finalCalled: false,
      needDrain: false,
      ending: false,
      ended: false,
      finished: false,
      destroyed: false,
      decodeStrings: false,
      defaultEncoding: 'utf8',
      length: 0,
      writing: false,
      corked: 0,
      sync: true,
      bufferProcessing: false,
      onwrite: [Function: bound onwrite],
      writecb: null,
      writelen: 0,
      afterWriteTickInfo: null,
      buffered: [],
      bufferedIndex: 0,
      allBuffers: true,
      allNoop: true,
      pendingcb: 0,
      constructed: true,
      prefinished: false,
      errorEmitted: false,
      emitClose: false,
      autoDestroy: true,
      errored: null,
      closed: false,
      closeEmitted: false,
      [Symbol(kOnFinished)]: []
    },
    allowHalfOpen: true,
    _sockname: null,
    _pendingData: null,
    _pendingEncoding: '',
    server: Server {
      maxHeaderSize: undefined,
      insecureHTTPParser: undefined,
      _events: [Object: null prototype],
      _eventsCount: 5,
      _maxListeners: undefined,
      _connections: 2,
      _handle: [TCP],
      _usingWorkers: false,
      _workers: [],
      _unref: false,
      allowHalfOpen: true,
      pauseOnConnect: false,
      httpAllowHalfOpen: false,
      timeout: 0,
      keepAliveTimeout: 5000,
      maxHeadersCount: null,
      maxRequestsPerSocket: 0,
      headersTimeout: 60000,
      requestTimeout: 0,
      _connectionKey: '6::::3000',
      [Symbol(IncomingMessage)]: [Function: IncomingMessage],
      [Symbol(ServerResponse)]: [Function: ServerResponse],
      [Symbol(kCapture)]: false,
      [Symbol(async_id_symbol)]: 9
    },
    _server: Server {
      maxHeaderSize: undefined,
      insecureHTTPParser: undefined,
      _events: [Object: null prototype],
      _eventsCount: 5,
      _maxListeners: undefined,
      _connections: 2,
      _handle: [TCP],
      _usingWorkers: false,
      _workers: [],
      _unref: false,
      allowHalfOpen: true,
      pauseOnConnect: false,
      httpAllowHalfOpen: false,
      timeout: 0,
      keepAliveTimeout: 5000,
      maxHeadersCount: null,
      maxRequestsPerSocket: 0,
      headersTimeout: 60000,
      requestTimeout: 0,
      _connectionKey: '6::::3000',
      [Symbol(IncomingMessage)]: [Function: IncomingMessage],
      [Symbol(ServerResponse)]: [Function: ServerResponse],
      [Symbol(kCapture)]: false,
      [Symbol(async_id_symbol)]: 9
    },
    parser: HTTPParser {
      '0': [Function: bound setRequestTimeout],
      '1': [Function: parserOnHeaders],
      '2': [Function: parserOnHeadersComplete],
      '3': [Function: parserOnBody],
      '4': [Function: parserOnMessageComplete],
      '5': [Function: bound onParserExecute],
      '6': [Function: bound onParserTimeout],
      _headers: [],
      _url: '',
      socket: [Circular *1],
      incoming: [Circular *2],
      outgoing: null,
      maxHeaderPairs: 2000,
      _consumed: true,
      onIncoming: [Function: bound parserOnIncoming],
      [Symbol(resource_symbol)]: [HTTPServerAsyncResource]
    },
    on: [Function: socketListenerWrap],
    addListener: [Function: socketListenerWrap],
    prependListener: [Function: socketListenerWrap],
    setEncoding: [Function: socketSetEncoding],
    _paused: false,
    _httpMessage: ServerResponse {
      _events: [Object: null prototype],
      _eventsCount: 2,
      _maxListeners: undefined,
      outputData: [],
      outputSize: 0,
      writable: true,
      destroyed: false,
      _last: false,
      chunkedEncoding: false,
      shouldKeepAlive: true,
      maxRequestsOnConnectionReached: false,
      _defaultKeepAlive: true,
      useChunkedEncodingByDefault: true,
      sendDate: true,
      _removedConnection: false,
      _removedContLen: false,
      _removedTE: false,
      _contentLength: null,
      _hasBody: true,
      _trailer: '',
      finished: false,
      _headerSent: false,
      _closed: false,
      socket: [Circular *1],
      _header: null,
      _keepAliveTimeout: 5000,
      _onPendingData: [Function: bound updateOutgoingData],
      req: [Circular *2],
      _sent100: false,
      _expect_continue: false,
      statusCode: 200,
      flush: [Function: flush],
      write: [Function (anonymous)],
      end: [Function (anonymous)],
      on: [Function: on],
      writeHead: [Function: writeHead],
      status: [Function (anonymous)],
      send: [Function (anonymous)],
      json: [Function (anonymous)],
      redirect: [Function (anonymous)],
      setPreviewData: [Function (anonymous)],
      clearPreviewData: [Function (anonymous)],
      [Symbol(kCapture)]: false,
      [Symbol(kNeedDrain)]: false,
      [Symbol(corked)]: 0,
      [Symbol(kOutHeaders)]: null
    },
    [Symbol(async_id_symbol)]: 4722,
    [Symbol(kHandle)]: TCP {
      reading: true,
      onconnection: null,
      _consumed: true,
      [Symbol(owner_symbol)]: [Circular *1]
    },
    [Symbol(kSetNoDelay)]: false,
    [Symbol(lastWriteQueueSize)]: 0,
    [Symbol(timeout)]: null,
    [Symbol(kBuffer)]: null,
    [Symbol(kBufferCb)]: null,
    [Symbol(kBufferGen)]: null,
    [Symbol(kCapture)]: false,
    [Symbol(kBytesRead)]: 0,
    [Symbol(kBytesWritten)]: 0,
    [Symbol(RequestTimeout)]: undefined
  },
  _consuming: false,
  _dumped: false,
  cookies: [Getter/Setter],
  query: {},
  previewData: [Getter/Setter],
  preview: [Getter/Setter],
  body: '',
  [Symbol(kCapture)]: false,
  [Symbol(kHeaders)]: {
    host: 'localhost:3000',
    connection: 'keep-alive',
    'cache-control': 'max-age=0',
    'sec-ch-ua': '" Not A;Brand";v="99", "Chromium";v="96", "Google Chrome";v="96"',
    'sec-ch-ua-mobile': '?0',
    'sec-ch-ua-platform': '"macOS"',
    'upgrade-insecure-requests': '1',
    'user-agent': 'Mozilla/5.0 (Macintosh; Intel Mac OS X 10_15_7) AppleWebKit/537.36 (KHTML, like Gecko) Chrome/96.0.4664.110 Safari/537.36',
    accept: 'text/html,application/xhtml+xml,application/xml;q=0.9,image/avif,image/webp,image/apng,*/*;q=0.8,application/signed-exchange;v=b3;q=0.9',
    'sec-fetch-site': 'none',
    'sec-fetch-mode': 'navigate',
    'sec-fetch-user': '?1',
    'sec-fetch-dest': 'document',
    'accept-encoding': 'gzip, deflate, br',
    'accept-language': 'en-US,en;q=0.9,ja;q=0.8',
    cookie: 'next-auth.csrf-token=a95412fa185e95cb3758fdbd0fbc9d7cf0c1c5603322aee3b75579ab1ed62960%7Cb2f13b44498e79e3d0d954edaf537d1c342095420d7a9aa304c4b7589fb71ba7; next-auth.callback-url=http%3A%2F%2Flocalhost%3A3000%2F; next-auth.session-token=eyJhbGciOiJkaXIiLCJlbmMiOiJBMjU2R0NNIn0.._YXBi3XbefOaKPsx.H03pEqMtflyn1EBu7_Uz0xeq7NU4in0joHEJLMTvXncPRXDz6wfGCOVzRb8Q9FZUUq1DAhB9XPFqR4ULUAFgEw0Un1wAvzMoy3a2RRHXvoC3_6h9Y2a83bvOcQWNgJECiwGH4x9RI6YaIQ.o3jS5pFZF5zVUVxL_LvFew',
    'if-none-match': '"1c-dzisVdIkVxY2wr5aQGV+IiolnlY"'
  },
  [Symbol(kHeadersCount)]: 34,
  [Symbol(kTrailers)]: null,
  [Symbol(kTrailersCount)]: 0,
  [Symbol(RequestTimeout)]: undefined,
  [Symbol(NextRequestMeta)]: {
    __NEXT_INIT_URL: '/api/webhook',
    __NEXT_INIT_QUERY: {},
    __nextHadTrailingSlash: undefined
  }
}
[2021-12-19T10:14:50.766] [DEBUG] system - ************************************write end************************************
